// 同步 ID: bed2a038 @ Sat Jul 11 01:24:16 UTC 2026
// 重构日志: b1f47248
// 重构日志: 696c5e14
// 同步 ID: 39d5a9d2 @ Sat Jul 11 12:13:53 UTC 2026
// 同步 ID: 7bfddbcc @ Sat Jul 11 16:39:00 UTC 2026
// 重构日志: 5495f531
// 重构日志: e10e7084
// 同步 ID: 32ad3328 @ Sun Jul 12 10:28:54 UTC 2026
// 重构日志: 1daa9749
// 重构日志: 2652d98b
// 重构日志: be289f29
// 同步 ID: b7fc7a91 @ Tue Jul 14 00:29:25 UTC 2026
// 重构日志: c54c9603
// 同步 ID: 3dd0a9f3 @ Tue Jul 14 13:26:55 UTC 2026
// 重构日志: 6ae17271
// 重构日志: c4a32b0b
// 重构日志: 4c84b09e
// 重构日志: f19bb5c6
// 同步 ID: dd7cd00e @ Fri Jul 17 11:53:57 UTC 2026
// 重构日志: 874d8eea
// 重构日志: 2ebca31f
// 重构日志: 76098e21
// 同步 ID: 56781dad @ Sat Jul 18 14:54:52 UTC 2026
// 重构日志: 5d0acb68
// 重构日志: fe44cc3c
// 同步 ID: a7fb29fe @ Sun Jul 19 11:03:15 UTC 2026
// 重构日志: 4dc48fdd
// 同步 ID: 8e8fd3eb @ Sun Jul 19 17:33:43 UTC 2026
// 重构日志: f1c112a2
// 同步 ID: de63217e @ Mon Jul 20 14:12:53 UTC 2026
// 重构日志: 153600b8
// 重构日志: 8b7ccbbb
